<?xml version="1.0" encoding="UTF-8"?>
<testsuite xmlns:xsi="http://www.w3.org/2001/XMLSchema-instance" xsi:noNamespaceSchemaLocation="https://maven.apache.org/surefire/maven-surefire-plugin/xsd/surefire-test-report-3.0.xsd" version="3.0" name="uvg.edu.TestLisp" time="0.941" tests="18" errors="0" skipped="0" failures="0">
  <properties>
[...]
</properties>
  <testcase name="testGreaterThanOrEqual" classname="uvg.edu.TestLisp" time="0.856"/>
  <testcase name="testLessThanOrEqual" classname="uvg.edu.TestLisp" time="0.002"/>
  <testcase name="testLessThan" classname="uvg.edu.TestLisp" time="0.002"/>
  <testcase name="testAdd" classname="uvg.edu.TestLisp" time="0.002"/>
  <testcase name="testAnd" classname="uvg.edu.TestLisp" time="0.001"/>
  <testcase name="testSubtract" classname="uvg.edu.TestLisp" time="0.001"/>
  <testcase name="testUnknownCommand" classname="uvg.edu.TestLisp" time="0.002"/>
  <testcase name="testDefun" classname="uvg.edu.TestLisp" time="0.002"/>
  <testcase name="testPrint" classname="uvg.edu.TestLisp" time="0.026">
    <system-out><![CDATA[Hello, World!
]]></system-out>
  </testcase>
  <testcase name="testAtom" classname="uvg.edu.TestLisp" time="0.001"/>
  <testcase name="testCond" classname="uvg.edu.TestLisp" time="0.002"/>
  <testcase name="testList" classname="uvg.edu.TestLisp" time="0.001"/>
  <testcase name="testSetq" classname="uvg.edu.TestLisp" time="0.001"/>
  <testcase name="testOr" classname="uvg.edu.TestLisp" time="0.001"/>
  <testcase name="testGreaterThan" classname="uvg.edu.TestLisp" time="0.001"/>
  <testcase name="testDivide" classname="uvg.edu.TestLisp" time="0.002"/>
  <testcase name="testEquals" classname="uvg.edu.TestLisp" time="0.001"/>
  <testcase name="testMultiply" classname="uvg.edu.TestLisp" time="0.0"/>
</testsuite>